nn_cifar_mobilenet
Momentum: 0.9	Learning rate: 0.01

                   R0      R10      R50     R100     R150
------------  -------  -------  -------  -------  -------
Accuracy        79.26    84.71    86.08    85.83    87.07
Average loss   0.0006   0.0004   0.0004   0.0004   0.0004


nn_cifar_lenet5
Momentum: 0.9	Learning rate: 0.01

                   R0      R10      R50     R100     R150
------------  -------  -------  -------  -------  -------
Accuracy        33.46    61.66    80.16    80.41    83.28
Average loss   0.0018   0.0011   0.0006   0.0006   0.0006

nn_cifar_cnn_cifar
Momentum: 0.9	Learning rate: 0.01

                   R0      R10      R50     R100     R150
------------  -------  -------  -------  -------  -------
Accuracy        53.35    75.38    79.42    79.67    80.36
Average loss   0.0013   0.0007   0.0006   0.0006   0.0006

---------------------------------------------------------

NORMALIZATION

nn_cifar_lenet5_batch_norm
Momentum: 0.9	Learning rate: 0.01

--------------------------------------
                        R1           R11           R51          R101          R150
-------------  -----------  ------------  ------------  ------------  ------------
Test Accuracy        54.68        76.40         82.48         83.83         83.11
Test Loss       0.00125063   0.000673298   0.000524863   0.000481342   0.000518516
--------------------------------------

nn_cifar_lenet5_group_norm
Momentum: 0.9	Learning rate: 0.01

--------------------------------------
                        R1           R11           R51          R101          R150
-------------  -----------  ------------  ------------  ------------  ------------
Test Accuracy        56.16         76.30         81.73         82.97         82.36
Test Loss       0.00121976   0.000674874   0.000537771   0.000512762   0.000527719
--------------------------------------